<?xml version="1.0" encoding="UTF-8"?>
<!-- Generated by org.testng.reporters.JUnitReportReporter -->
<testsuite hostname="Narendra-Lenovo" failures="0" tests="1" name="com.inetbanking.testcases.LoginTest" time="8.740" errors="0" timestamp="2022-10-31T21:02:28 CDT" skipped="0">
  <testcase classname="com.inetbanking.testcases.LoginTest" name="login" time="8.740"/>
  <system-out/>
</testsuite> <!-- com.inetbanking.testcases.LoginTest -->
